<?xml version="1.0" encoding="UTF-8"?>
<coverage generated="1398971819">
  <project timestamp="1398971819">
    <package name="Composer\Autoload">
      <file name="/home/bram/www/cache-skeleton/vendor/composer/ClassLoader.php">
        <class name="ClassLoader" namespace="Composer\Autoload">
          <metrics methods="16" coveredmethods="2" conditionals="0" coveredconditionals="0" statements="129" coveredstatements="26" elements="145" coveredelements="28"/>
        </class>
        <line num="0" type="stmt" count="8"/>
        <line num="11" type="stmt" count="1"/>
        <line num="13" type="stmt" count="1"/>
        <line num="14" type="stmt" count="1"/>
        <line num="15" type="stmt" count="2"/>
        <line num="16" type="stmt" count="3"/>
        <line num="17" type="stmt" count="2"/>
        <line num="18" type="stmt" count="2"/>
        <line num="19" type="stmt" count="2"/>
        <line num="20" type="stmt" count="1"/>
        <line num="21" type="stmt" count="2"/>
        <line num="22" type="stmt" count="1"/>
        <line num="23" type="stmt" count="2"/>
        <line num="24" type="stmt" count="2"/>
        <line num="25" type="stmt" count="1"/>
        <line num="57" type="method" name="getPrefixes" crap="2" count="0"/>
        <line num="59" type="stmt" count="0"/>
        <line num="62" type="method" name="getPrefixesPsr4" crap="2" count="0"/>
        <line num="64" type="stmt" count="0"/>
        <line num="67" type="method" name="getFallbackDirs" crap="2" count="0"/>
        <line num="69" type="stmt" count="0"/>
        <line num="72" type="method" name="getFallbackDirsPsr4" crap="2" count="0"/>
        <line num="74" type="stmt" count="0"/>
        <line num="77" type="method" name="getClassMap" crap="2" count="0"/>
        <line num="79" type="stmt" count="0"/>
        <line num="85" type="method" name="addClassMap" crap="6" count="0"/>
        <line num="87" type="stmt" count="0"/>
        <line num="88" type="stmt" count="0"/>
        <line num="89" type="stmt" count="0"/>
        <line num="90" type="stmt" count="0"/>
        <line num="92" type="stmt" count="0"/>
        <line num="102" type="method" name="add" crap="30" count="0"/>
        <line num="104" type="stmt" count="0"/>
        <line num="105" type="stmt" count="0"/>
        <line num="106" type="stmt" count="0"/>
        <line num="107" type="stmt" count="0"/>
        <line num="108" type="stmt" count="0"/>
        <line num="109" type="stmt" count="0"/>
        <line num="110" type="stmt" count="0"/>
        <line num="111" type="stmt" count="0"/>
        <line num="112" type="stmt" count="0"/>
        <line num="114" type="stmt" count="0"/>
        <line num="117" type="stmt" count="0"/>
        <line num="120" type="stmt" count="0"/>
        <line num="121" type="stmt" count="0"/>
        <line num="122" type="stmt" count="0"/>
        <line num="124" type="stmt" count="0"/>
        <line num="126" type="stmt" count="0"/>
        <line num="127" type="stmt" count="0"/>
        <line num="128" type="stmt" count="0"/>
        <line num="129" type="stmt" count="0"/>
        <line num="130" type="stmt" count="0"/>
        <line num="131" type="stmt" count="0"/>
        <line num="132" type="stmt" count="0"/>
        <line num="133" type="stmt" count="0"/>
        <line num="135" type="stmt" count="0"/>
        <line num="137" type="stmt" count="0"/>
        <line num="147" type="method" name="addPsr4" crap="42" count="0"/>
        <line num="149" type="stmt" count="0"/>
        <line num="151" type="stmt" count="0"/>
        <line num="152" type="stmt" count="0"/>
        <line num="153" type="stmt" count="0"/>
        <line num="154" type="stmt" count="0"/>
        <line num="155" type="stmt" count="0"/>
        <line num="156" type="stmt" count="0"/>
        <line num="157" type="stmt" count="0"/>
        <line num="158" type="stmt" count="0"/>
        <line num="160" type="stmt" count="0"/>
        <line num="162" type="stmt" count="0"/>
        <line num="164" type="stmt" count="0"/>
        <line num="165" type="stmt" count="0"/>
        <line num="166" type="stmt" count="0"/>
        <line num="168" type="stmt" count="0"/>
        <line num="169" type="stmt" count="0"/>
        <line num="170" type="stmt" count="0"/>
        <line num="172" type="stmt" count="0"/>
        <line num="173" type="stmt" count="0"/>
        <line num="174" type="stmt" count="0"/>
        <line num="175" type="stmt" count="0"/>
        <line num="176" type="stmt" count="0"/>
        <line num="178" type="stmt" count="0"/>
        <line num="179" type="stmt" count="0"/>
        <line num="181" type="stmt" count="0"/>
        <line num="183" type="stmt" count="0"/>
        <line num="192" type="method" name="set" crap="6" count="0"/>
        <line num="194" type="stmt" count="0"/>
        <line num="195" type="stmt" count="0"/>
        <line num="196" type="stmt" count="0"/>
        <line num="197" type="stmt" count="0"/>
        <line num="199" type="stmt" count="0"/>
        <line num="208" type="method" name="setPsr4" crap="12" count="0"/>
        <line num="209" type="stmt" count="0"/>
        <line num="210" type="stmt" count="0"/>
        <line num="211" type="stmt" count="0"/>
        <line num="212" type="stmt" count="0"/>
        <line num="213" type="stmt" count="0"/>
        <line num="214" type="stmt" count="0"/>
        <line num="216" type="stmt" count="0"/>
        <line num="217" type="stmt" count="0"/>
        <line num="219" type="stmt" count="0"/>
        <line num="226" type="method" name="setUseIncludePath" crap="2" count="0"/>
        <line num="228" type="stmt" count="0"/>
        <line num="229" type="stmt" count="0"/>
        <line num="237" type="method" name="getUseIncludePath" crap="2" count="0"/>
        <line num="239" type="stmt" count="0"/>
        <line num="247" type="method" name="register" crap="2" count="0"/>
        <line num="249" type="stmt" count="0"/>
        <line num="250" type="stmt" count="0"/>
        <line num="255" type="method" name="unregister" crap="2" count="0"/>
        <line num="257" type="stmt" count="0"/>
        <line num="258" type="stmt" count="0"/>
        <line num="266" type="method" name="loadClass" crap="2" count="20"/>
        <line num="268" type="stmt" count="20"/>
        <line num="269" type="stmt" count="14"/>
        <line num="271" type="stmt" count="14"/>
        <line num="273" type="stmt" count="9"/>
        <line num="282" type="method" name="findFile" crap="66.59" count="20"/>
        <line num="285" type="stmt" count="20"/>
        <line num="286" type="stmt" count="0"/>
        <line num="287" type="stmt" count="0"/>
        <line num="290" type="stmt" count="20"/>
        <line num="291" type="stmt" count="0"/>
        <line num="295" type="stmt" count="20"/>
        <line num="297" type="stmt" count="20"/>
        <line num="298" type="stmt" count="20"/>
        <line num="299" type="stmt" count="0"/>
        <line num="300" type="stmt" count="0"/>
        <line num="301" type="stmt" count="0"/>
        <line num="302" type="stmt" count="0"/>
        <line num="303" type="stmt" count="0"/>
        <line num="305" type="stmt" count="0"/>
        <line num="306" type="stmt" count="0"/>
        <line num="307" type="stmt" count="0"/>
        <line num="308" type="stmt" count="0"/>
        <line num="311" type="stmt" count="20"/>
        <line num="312" type="stmt" count="0"/>
        <line num="313" type="stmt" count="0"/>
        <line num="315" type="stmt" count="20"/>
        <line num="318" type="stmt" count="20"/>
        <line num="320" type="stmt" count="14"/>
        <line num="321" type="stmt" count="14"/>
        <line num="322" type="stmt" count="14"/>
        <line num="324" type="stmt" count="10"/>
        <line num="327" type="stmt" count="20"/>
        <line num="328" type="stmt" count="14"/>
        <line num="329" type="stmt" count="14"/>
        <line num="330" type="stmt" count="14"/>
        <line num="331" type="stmt" count="14"/>
        <line num="332" type="stmt" count="14"/>
        <line num="334" type="stmt" count="0"/>
        <line num="335" type="stmt" count="0"/>
        <line num="336" type="stmt" count="0"/>
        <line num="337" type="stmt" count="0"/>
        <line num="340" type="stmt" count="9"/>
        <line num="341" type="stmt" count="0"/>
        <line num="342" type="stmt" count="0"/>
        <line num="344" type="stmt" count="9"/>
        <line num="347" type="stmt" count="9"/>
        <line num="348" type="stmt" count="0"/>
        <line num="352" type="stmt" count="9"/>
        <metrics loc="354" ncloc="220" classes="1" methods="16" coveredmethods="1" conditionals="0" coveredconditionals="0" statements="143" coveredstatements="40" elements="159" coveredelements="41"/>
      </file>
    </package>
    <file name="/home/bram/www/cache-skeleton/vendor/composer/autoload_real.php">
      <class name="ComposerAutoloaderInitd3b728a6371dff1a888a8c05952b3177" namespace="global">
        <metrics methods="2" coveredmethods="0" conditionals="0" coveredconditionals="0" statements="25" coveredstatements="0" elements="27" coveredelements="0"/>
      </class>
      <line num="9" type="method" name="loadClassLoader" crap="6" count="0"/>
      <line num="11" type="stmt" count="0"/>
      <line num="12" type="stmt" count="0"/>
      <line num="13" type="stmt" count="0"/>
      <line num="14" type="stmt" count="0"/>
      <line num="16" type="method" name="getLoader" crap="30" count="0"/>
      <line num="18" type="stmt" count="0"/>
      <line num="19" type="stmt" count="0"/>
      <line num="22" type="stmt" count="0"/>
      <line num="23" type="stmt" count="0"/>
      <line num="24" type="stmt" count="0"/>
      <line num="26" type="stmt" count="0"/>
      <line num="27" type="stmt" count="0"/>
      <line num="29" type="stmt" count="0"/>
      <line num="30" type="stmt" count="0"/>
      <line num="31" type="stmt" count="0"/>
      <line num="32" type="stmt" count="0"/>
      <line num="34" type="stmt" count="0"/>
      <line num="35" type="stmt" count="0"/>
      <line num="36" type="stmt" count="0"/>
      <line num="37" type="stmt" count="0"/>
      <line num="39" type="stmt" count="0"/>
      <line num="40" type="stmt" count="0"/>
      <line num="41" type="stmt" count="0"/>
      <line num="42" type="stmt" count="0"/>
      <line num="44" type="stmt" count="0"/>
      <line num="46" type="stmt" count="0"/>
      <metrics loc="48" ncloc="46" classes="1" methods="2" coveredmethods="0" conditionals="0" coveredconditionals="0" statements="25" coveredstatements="0" elements="27" coveredelements="0"/>
    </file>
    <package name="org\bovigo\vfs">
      <file name="/home/bram/www/cache-skeleton/vendor/mikey179/vfsStream/src/main/php/org/bovigo/vfs/Quota.php">
        <class name="Quota" namespace="org\bovigo\vfs">
          <metrics methods="4" coveredmethods="3" conditionals="0" coveredconditionals="0" statements="12" coveredstatements="4" elements="16" coveredelements="7"/>
        </class>
        <line num="37" type="method" name="__construct" crap="1" count="10"/>
        <line num="39" type="stmt" count="10"/>
        <line num="40" type="stmt" count="10"/>
        <line num="47" type="method" name="unlimited" crap="1" count="10"/>
        <line num="49" type="stmt" count="10"/>
        <line num="57" type="method" name="isLimited" crap="1" count="8"/>
        <line num="59" type="stmt" count="8"/>
        <line num="69" type="method" name="spaceLeft" crap="20" count="0"/>
        <line num="71" type="stmt" count="0"/>
        <line num="72" type="stmt" count="0"/>
        <line num="75" type="stmt" count="0"/>
        <line num="76" type="stmt" count="0"/>
        <line num="79" type="stmt" count="0"/>
        <line num="80" type="stmt" count="0"/>
        <line num="81" type="stmt" count="0"/>
        <line num="84" type="stmt" count="0"/>
        <line num="87" type="stmt" count="1"/>
        <metrics loc="86" ncloc="40" classes="1" methods="4" coveredmethods="3" conditionals="0" coveredconditionals="0" statements="12" coveredstatements="4" elements="16" coveredelements="7"/>
      </file>
      <file name="/home/bram/www/cache-skeleton/vendor/mikey179/vfsStream/src/main/php/org/bovigo/vfs/vfsStream.php">
        <class name="vfsStream" namespace="org\bovigo\vfs">
          <metrics methods="13" coveredmethods="10" conditionals="0" coveredconditionals="0" statements="77" coveredstatements="29" elements="90" coveredelements="39"/>
        </class>
        <line num="0" type="stmt" count="1"/>
        <line num="60" type="method" name="url" crap="1" count="10"/>
        <line num="62" type="stmt" count="10"/>
        <line num="71" type="method" name="path" crap="1" count="10"/>
        <line num="74" type="stmt" count="10"/>
        <line num="75" type="stmt" count="10"/>
        <line num="76" type="stmt" count="10"/>
        <line num="78" type="stmt" count="10"/>
        <line num="79" type="stmt" count="10"/>
        <line num="91" type="method" name="umask" crap="2.26" count="10"/>
        <line num="93" type="stmt" count="10"/>
        <line num="94" type="stmt" count="10"/>
        <line num="95" type="stmt" count="0"/>
        <line num="96" type="stmt" count="0"/>
        <line num="98" type="stmt" count="10"/>
        <line num="106" type="stmt" count="1"/>
        <line num="147" type="method" name="setup" crap="1" count="10"/>
        <line num="149" type="stmt" count="10"/>
        <line num="150" type="stmt" count="10"/>
        <line num="194" type="method" name="create" crap="4.12" count="10"/>
        <line num="196" type="stmt" count="10"/>
        <line num="197" type="stmt" count="0"/>
        <line num="198" type="stmt" count="0"/>
        <line num="200" type="stmt" count="10"/>
        <line num="201" type="stmt" count="0"/>
        <line num="204" type="stmt" count="10"/>
        <line num="214" type="method" name="addStructure" crap="8.74" count="10"/>
        <line num="216" type="stmt" count="10"/>
        <line num="217" type="stmt" count="0"/>
        <line num="218" type="stmt" count="0"/>
        <line num="219" type="stmt" count="0"/>
        <line num="220" type="stmt" count="0"/>
        <line num="221" type="stmt" count="0"/>
        <line num="222" type="stmt" count="0"/>
        <line num="223" type="stmt" count="10"/>
        <line num="225" type="stmt" count="10"/>
        <line num="246" type="method" name="copyFromFileSystem" crap="72" count="0"/>
        <line num="248" type="stmt" count="0"/>
        <line num="249" type="stmt" count="0"/>
        <line num="250" type="stmt" count="0"/>
        <line num="252" type="stmt" count="0"/>
        <line num="253" type="stmt" count="0"/>
        <line num="256" type="stmt" count="0"/>
        <line num="257" type="stmt" count="0"/>
        <line num="258" type="stmt" count="0"/>
        <line num="259" type="stmt" count="0"/>
        <line num="260" type="stmt" count="0"/>
        <line num="261" type="stmt" count="0"/>
        <line num="262" type="stmt" count="0"/>
        <line num="265" type="stmt" count="0"/>
        <line num="266" type="stmt" count="0"/>
        <line num="267" type="stmt" count="0"/>
        <line num="268" type="stmt" count="0"/>
        <line num="269" type="stmt" count="0"/>
        <line num="270" type="stmt" count="0"/>
        <line num="271" type="stmt" count="0"/>
        <line num="272" type="stmt" count="0"/>
        <line num="273" type="stmt" count="0"/>
        <line num="274" type="stmt" count="0"/>
        <line num="275" type="stmt" count="0"/>
        <line num="277" type="stmt" count="0"/>
        <line num="278" type="stmt" count="0"/>
        <line num="279" type="stmt" count="0"/>
        <line num="281" type="stmt" count="0"/>
        <line num="291" type="method" name="newFile" crap="1" count="9"/>
        <line num="293" type="stmt" count="9"/>
        <line num="307" type="method" name="newDirectory" crap="3.05" count="10"/>
        <line num="309" type="stmt" count="10"/>
        <line num="310" type="stmt" count="0"/>
        <line num="311" type="stmt" count="0"/>
        <line num="313" type="stmt" count="10"/>
        <line num="314" type="stmt" count="10"/>
        <line num="315" type="stmt" count="10"/>
        <line num="318" type="stmt" count="8"/>
        <line num="319" type="stmt" count="8"/>
        <line num="320" type="stmt" count="8"/>
        <line num="321" type="stmt" count="8"/>
        <line num="322" type="stmt" count="8"/>
        <line num="332" type="method" name="getCurrentUser" crap="2" count="10"/>
        <line num="334" type="stmt" count="10"/>
        <line num="344" type="method" name="getCurrentGroup" crap="2" count="10"/>
        <line num="346" type="stmt" count="10"/>
        <line num="364" type="method" name="inspect" crap="12" count="0"/>
        <line num="366" type="stmt" count="0"/>
        <line num="367" type="stmt" count="0"/>
        <line num="370" type="stmt" count="0"/>
        <line num="371" type="stmt" count="0"/>
        <line num="372" type="stmt" count="0"/>
        <line num="375" type="stmt" count="0"/>
        <line num="384" type="method" name="setQuota" crap="2" count="0"/>
        <line num="386" type="stmt" count="0"/>
        <line num="387" type="stmt" count="0"/>
        <line num="389" type="stmt" count="1"/>
        <metrics loc="388" ncloc="159" classes="1" methods="13" coveredmethods="6" conditionals="0" coveredconditionals="0" statements="78" coveredstatements="30" elements="91" coveredelements="36"/>
      </file>
      <file name="/home/bram/www/cache-skeleton/vendor/mikey179/vfsStream/src/main/php/org/bovigo/vfs/vfsStreamAbstractContent.php">
        <class name="vfsStreamAbstractContent" namespace="org\bovigo\vfs">
          <metrics methods="27" coveredmethods="17" conditionals="0" coveredconditionals="0" statements="73" coveredstatements="43" elements="100" coveredelements="60"/>
        </class>
        <line num="77" type="method" name="__construct" crap="2" count="10"/>
        <line num="79" type="stmt" count="10"/>
        <line num="80" type="stmt" count="10"/>
        <line num="81" type="stmt" count="10"/>
        <line num="82" type="stmt" count="10"/>
        <line num="83" type="stmt" count="10"/>
        <line num="85" type="stmt" count="10"/>
        <line num="86" type="stmt" count="10"/>
        <line num="87" type="stmt" count="10"/>
        <line num="88" type="stmt" count="10"/>
        <line num="89" type="stmt" count="10"/>
        <line num="90" type="stmt" count="10"/>
        <line num="91" type="stmt" count="10"/>
        <line num="99" type="method" name="getDefaultPermissions" crap="1" count="0"/>
        <line num="106" type="method" name="getName" crap="1" count="10"/>
        <line num="108" type="stmt" count="10"/>
        <line num="116" type="method" name="rename" crap="2" count="0"/>
        <line num="118" type="stmt" count="0"/>
        <line num="119" type="stmt" count="0"/>
        <line num="127" type="method" name="appliesTo" crap="2.06" count="9"/>
        <line num="129" type="stmt" count="9"/>
        <line num="130" type="stmt" count="0"/>
        <line num="133" type="stmt" count="9"/>
        <line num="134" type="stmt" count="9"/>
        <line num="142" type="method" name="getType" crap="1" count="10"/>
        <line num="144" type="stmt" count="10"/>
        <line num="153" type="method" name="lastModified" crap="2" count="0"/>
        <line num="155" type="stmt" count="0"/>
        <line num="156" type="stmt" count="0"/>
        <line num="164" type="method" name="filemtime" crap="1" count="10"/>
        <line num="166" type="stmt" count="10"/>
        <line num="176" type="method" name="lastAccessed" crap="2" count="0"/>
        <line num="178" type="stmt" count="0"/>
        <line num="179" type="stmt" count="0"/>
        <line num="188" type="method" name="fileatime" crap="1" count="10"/>
        <line num="190" type="stmt" count="10"/>
        <line num="200" type="method" name="lastAttributeModified" crap="2" count="0"/>
        <line num="202" type="stmt" count="0"/>
        <line num="203" type="stmt" count="0"/>
        <line num="212" type="method" name="filectime" crap="1" count="10"/>
        <line num="214" type="stmt" count="10"/>
        <line num="223" type="method" name="at" crap="1" count="9"/>
        <line num="225" type="stmt" count="9"/>
        <line num="226" type="stmt" count="9"/>
        <line num="235" type="method" name="chmod" crap="1" count="2"/>
        <line num="237" type="stmt" count="2"/>
        <line num="238" type="stmt" count="2"/>
        <line num="239" type="stmt" count="2"/>
        <line num="240" type="stmt" count="2"/>
        <line num="248" type="method" name="getPermissions" crap="1" count="10"/>
        <line num="250" type="stmt" count="10"/>
        <line num="260" type="method" name="isReadable" crap="3.71" count="7"/>
        <line num="262" type="stmt" count="7"/>
        <line num="263" type="stmt" count="7"/>
        <line num="264" type="stmt" count="7"/>
        <line num="265" type="stmt" count="0"/>
        <line num="266" type="stmt" count="0"/>
        <line num="267" type="stmt" count="0"/>
        <line num="270" type="stmt" count="7"/>
        <line num="280" type="method" name="isWritable" crap="3.71" count="9"/>
        <line num="282" type="stmt" count="9"/>
        <line num="283" type="stmt" count="9"/>
        <line num="284" type="stmt" count="9"/>
        <line num="285" type="stmt" count="0"/>
        <line num="286" type="stmt" count="0"/>
        <line num="287" type="stmt" count="0"/>
        <line num="290" type="stmt" count="9"/>
        <line num="300" type="method" name="isExecutable" crap="12" count="0"/>
        <line num="302" type="stmt" count="0"/>
        <line num="303" type="stmt" count="0"/>
        <line num="304" type="stmt" count="0"/>
        <line num="305" type="stmt" count="0"/>
        <line num="306" type="stmt" count="0"/>
        <line num="307" type="stmt" count="0"/>
        <line num="310" type="stmt" count="0"/>
        <line num="319" type="method" name="chown" crap="2" count="0"/>
        <line num="321" type="stmt" count="0"/>
        <line num="322" type="stmt" count="0"/>
        <line num="323" type="stmt" count="0"/>
        <line num="332" type="method" name="isOwnedByUser" crap="2" count="0"/>
        <line num="334" type="stmt" count="0"/>
        <line num="342" type="method" name="getUser" crap="1" count="10"/>
        <line num="344" type="stmt" count="10"/>
        <line num="353" type="method" name="chgrp" crap="2" count="0"/>
        <line num="355" type="stmt" count="0"/>
        <line num="356" type="stmt" count="0"/>
        <line num="357" type="stmt" count="0"/>
        <line num="366" type="method" name="isOwnedByGroup" crap="2" count="0"/>
        <line num="368" type="stmt" count="0"/>
        <line num="376" type="method" name="getGroup" crap="1" count="10"/>
        <line num="378" type="stmt" count="10"/>
        <line num="388" type="method" name="setParentPath" crap="1" count="9"/>
        <line num="390" type="stmt" count="9"/>
        <line num="391" type="stmt" count="9"/>
        <line num="399" type="method" name="path" crap="2" count="10"/>
        <line num="401" type="stmt" count="10"/>
        <line num="402" type="stmt" count="10"/>
        <line num="405" type="stmt" count="8"/>
        <line num="414" type="method" name="url" crap="1" count="10"/>
        <line num="416" type="stmt" count="10"/>
        <line num="419" type="stmt" count="1"/>
        <metrics loc="418" ncloc="201" classes="1" methods="26" coveredmethods="14" conditionals="0" coveredconditionals="0" statements="73" coveredstatements="43" elements="99" coveredelements="57"/>
      </file>
      <file name="/home/bram/www/cache-skeleton/vendor/mikey179/vfsStream/src/main/php/org/bovigo/vfs/vfsStreamDirectory.php">
        <class name="vfsStreamDirectory" namespace="org\bovigo\vfs">
          <metrics methods="16" coveredmethods="11" conditionals="0" coveredconditionals="0" statements="58" coveredstatements="39" elements="74" coveredelements="50"/>
        </class>
        <line num="32" type="method" name="__construct" crap="2.03" count="10"/>
        <line num="34" type="stmt" count="10"/>
        <line num="35" type="stmt" count="0"/>
        <line num="38" type="stmt" count="10"/>
        <line num="39" type="stmt" count="10"/>
        <line num="40" type="stmt" count="10"/>
        <line num="48" type="method" name="getDefaultPermissions" crap="1" count="10"/>
        <line num="50" type="stmt" count="10"/>
        <line num="61" type="method" name="size" crap="1" count="9"/>
        <line num="63" type="stmt" count="9"/>
        <line num="71" type="method" name="sizeSummarized" crap="12" count="0"/>
        <line num="73" type="stmt" count="0"/>
        <line num="74" type="stmt" count="0"/>
        <line num="75" type="stmt" count="0"/>
        <line num="76" type="stmt" count="0"/>
        <line num="77" type="stmt" count="0"/>
        <line num="78" type="stmt" count="0"/>
        <line num="80" type="stmt" count="0"/>
        <line num="82" type="stmt" count="0"/>
        <line num="91" type="method" name="rename" crap="6" count="0"/>
        <line num="93" type="stmt" count="0"/>
        <line num="94" type="stmt" count="0"/>
        <line num="97" type="stmt" count="0"/>
        <line num="98" type="stmt" count="0"/>
        <line num="108" type="method" name="setParentPath" crap="2" count="8"/>
        <line num="110" type="stmt" count="8"/>
        <line num="111" type="stmt" count="8"/>
        <line num="112" type="stmt" count="8"/>
        <line num="113" type="stmt" count="8"/>
        <line num="114" type="stmt" count="8"/>
        <line num="121" type="method" name="addChild" crap="1" count="9"/>
        <line num="123" type="stmt" count="9"/>
        <line num="124" type="stmt" count="9"/>
        <line num="125" type="stmt" count="9"/>
        <line num="126" type="stmt" count="9"/>
        <line num="134" type="method" name="removeChild" crap="3.14" count="7"/>
        <line num="136" type="stmt" count="7"/>
        <line num="137" type="stmt" count="7"/>
        <line num="138" type="stmt" count="7"/>
        <line num="139" type="stmt" count="7"/>
        <line num="140" type="stmt" count="7"/>
        <line num="141" type="stmt" count="7"/>
        <line num="143" type="stmt" count="0"/>
        <line num="145" type="stmt" count="0"/>
        <line num="151" type="method" name="updateModifications" crap="1" count="9"/>
        <line num="153" type="stmt" count="9"/>
        <line num="154" type="stmt" count="9"/>
        <line num="155" type="stmt" count="9"/>
        <line num="156" type="stmt" count="9"/>
        <line num="164" type="method" name="hasChild" crap="1" count="9"/>
        <line num="166" type="stmt" count="9"/>
        <line num="175" type="method" name="getChild" crap="5" count="9"/>
        <line num="177" type="stmt" count="9"/>
        <line num="178" type="stmt" count="9"/>
        <line num="179" type="stmt" count="9"/>
        <line num="180" type="stmt" count="9"/>
        <line num="183" type="stmt" count="8"/>
        <line num="184" type="stmt" count="8"/>
        <line num="186" type="stmt" count="9"/>
        <line num="188" type="stmt" count="9"/>
        <line num="197" type="method" name="getRealChildName" crap="2" count="9"/>
        <line num="199" type="stmt" count="9"/>
        <line num="200" type="stmt" count="9"/>
        <line num="203" type="stmt" count="9"/>
        <line num="213" type="method" name="getChildName" crap="2.15" count="9"/>
        <line num="215" type="stmt" count="9"/>
        <line num="216" type="stmt" count="0"/>
        <line num="219" type="stmt" count="9"/>
        <line num="228" type="method" name="hasChildren" crap="2" count="0"/>
        <line num="230" type="stmt" count="0"/>
        <line num="238" type="method" name="getChildren" crap="2" count="0"/>
        <line num="240" type="stmt" count="0"/>
        <line num="248" type="method" name="getIterator" crap="2" count="0"/>
        <line num="250" type="stmt" count="0"/>
        <line num="253" type="stmt" count="1"/>
        <metrics loc="252" ncloc="140" classes="1" methods="16" coveredmethods="8" conditionals="0" coveredconditionals="0" statements="58" coveredstatements="39" elements="74" coveredelements="47"/>
      </file>
      <file name="/home/bram/www/cache-skeleton/vendor/mikey179/vfsStream/src/main/php/org/bovigo/vfs/vfsStreamFile.php">
        <class name="vfsStreamFile" namespace="org\bovigo\vfs">
          <metrics methods="25" coveredmethods="14" conditionals="0" coveredconditionals="0" statements="90" coveredstatements="38" elements="115" coveredelements="52"/>
        </class>
        <line num="49" type="method" name="__construct" crap="1" count="9"/>
        <line num="51" type="stmt" count="9"/>
        <line num="52" type="stmt" count="9"/>
        <line num="53" type="stmt" count="9"/>
        <line num="61" type="method" name="getDefaultPermissions" crap="1" count="9"/>
        <line num="63" type="stmt" count="9"/>
        <line num="72" type="method" name="appliesTo" crap="1" count="7"/>
        <line num="74" type="stmt" count="7"/>
        <line num="84" type="method" name="setContent" crap="2" count="0"/>
        <line num="86" type="stmt" count="0"/>
        <line num="98" type="method" name="withContent" crap="2" count="0"/>
        <line num="100" type="stmt" count="0"/>
        <line num="101" type="stmt" count="0"/>
        <line num="112" type="method" name="getContent" crap="2" count="0"/>
        <line num="114" type="stmt" count="0"/>
        <line num="122" type="method" name="open" crap="1" count="7"/>
        <line num="124" type="stmt" count="7"/>
        <line num="125" type="stmt" count="7"/>
        <line num="126" type="stmt" count="7"/>
        <line num="133" type="method" name="openForAppend" crap="2" count="0"/>
        <line num="135" type="stmt" count="0"/>
        <line num="136" type="stmt" count="0"/>
        <line num="137" type="stmt" count="0"/>
        <line num="144" type="method" name="openWithTruncate" crap="2" count="0"/>
        <line num="146" type="stmt" count="0"/>
        <line num="147" type="stmt" count="0"/>
        <line num="148" type="stmt" count="0"/>
        <line num="149" type="stmt" count="0"/>
        <line num="150" type="stmt" count="0"/>
        <line num="151" type="stmt" count="0"/>
        <line num="161" type="method" name="read" crap="1" count="7"/>
        <line num="163" type="stmt" count="7"/>
        <line num="164" type="stmt" count="7"/>
        <line num="165" type="stmt" count="7"/>
        <line num="166" type="stmt" count="7"/>
        <line num="176" type="method" name="readUntilEnd" crap="2" count="0"/>
        <line num="178" type="stmt" count="0"/>
        <line num="179" type="stmt" count="0"/>
        <line num="190" type="method" name="write" crap="1" count="8"/>
        <line num="192" type="stmt" count="8"/>
        <line num="193" type="stmt" count="8"/>
        <line num="194" type="stmt" count="8"/>
        <line num="195" type="stmt" count="8"/>
        <line num="196" type="stmt" count="8"/>
        <line num="206" type="method" name="truncate" crap="6" count="0"/>
        <line num="207" type="stmt" count="0"/>
        <line num="209" type="stmt" count="0"/>
        <line num="210" type="stmt" count="0"/>
        <line num="211" type="stmt" count="0"/>
        <line num="214" type="stmt" count="0"/>
        <line num="215" type="stmt" count="0"/>
        <line num="223" type="method" name="eof" crap="1" count="7"/>
        <line num="225" type="stmt" count="7"/>
        <line num="233" type="method" name="getBytesRead" crap="2" count="0"/>
        <line num="235" type="stmt" count="0"/>
        <line num="245" type="method" name="seek" crap="7.18" count="7"/>
        <line num="248" type="stmt" count="7"/>
        <line num="249" type="stmt" count="0"/>
        <line num="250" type="stmt" count="0"/>
        <line num="252" type="stmt" count="7"/>
        <line num="253" type="stmt" count="0"/>
        <line num="254" type="stmt" count="0"/>
        <line num="256" type="stmt" count="7"/>
        <line num="257" type="stmt" count="7"/>
        <line num="258" type="stmt" count="7"/>
        <line num="260" type="stmt" count="0"/>
        <line num="261" type="stmt" count="0"/>
        <line num="262" type="stmt" count="0"/>
        <line num="272" type="method" name="size" crap="1" count="9"/>
        <line num="274" type="stmt" count="9"/>
        <line num="288" type="method" name="lock" crap="15.56" count="8"/>
        <line num="290" type="stmt" count="8"/>
        <line num="291" type="stmt" count="0"/>
        <line num="292" type="stmt" count="0"/>
        <line num="295" type="stmt" count="8"/>
        <line num="297" type="stmt" count="8"/>
        <line num="298" type="stmt" count="0"/>
        <line num="299" type="stmt" count="0"/>
        <line num="302" type="stmt" count="0"/>
        <line num="303" type="stmt" count="8"/>
        <line num="304" type="stmt" count="0"/>
        <line num="305" type="stmt" count="0"/>
        <line num="308" type="stmt" count="0"/>
        <line num="309" type="stmt" count="0"/>
        <line num="311" type="stmt" count="8"/>
        <line num="320" type="method" name="unlock" crap="4.68" count="8"/>
        <line num="321" type="stmt" count="8"/>
        <line num="322" type="stmt" count="0"/>
        <line num="323" type="stmt" count="0"/>
        <line num="324" type="stmt" count="8"/>
        <line num="325" type="stmt" count="0"/>
        <line num="326" type="stmt" count="0"/>
        <line num="327" type="stmt" count="8"/>
        <line num="335" type="method" name="setExclusiveLock" crap="2" count="0"/>
        <line num="336" type="stmt" count="0"/>
        <line num="337" type="stmt" count="0"/>
        <line num="345" type="method" name="addSharedLock" crap="2" count="0"/>
        <line num="346" type="stmt" count="0"/>
        <line num="347" type="stmt" count="0"/>
        <line num="358" type="method" name="isLocked" crap="6" count="0"/>
        <line num="360" type="stmt" count="0"/>
        <line num="372" type="method" name="hasSharedLock" crap="2.15" count="8"/>
        <line num="374" type="stmt" count="8"/>
        <line num="375" type="stmt" count="8"/>
        <line num="378" type="stmt" count="0"/>
        <line num="388" type="method" name="getResourceId" crap="2.86" count="8"/>
        <line num="389" type="stmt" count="8"/>
        <line num="390" type="stmt" count="0"/>
        <line num="391" type="stmt" count="0"/>
        <line num="392" type="stmt" count="0"/>
        <line num="394" type="stmt" count="8"/>
        <line num="406" type="method" name="hasExclusiveLock" crap="2.15" count="8"/>
        <line num="408" type="stmt" count="8"/>
        <line num="409" type="stmt" count="8"/>
        <line num="412" type="stmt" count="0"/>
        <line num="415" type="stmt" count="1"/>
        <metrics loc="414" ncloc="206" classes="1" methods="25" coveredmethods="8" conditionals="0" coveredconditionals="0" statements="90" coveredstatements="38" elements="115" coveredelements="46"/>
      </file>
      <file name="/home/bram/www/cache-skeleton/vendor/mikey179/vfsStream/src/main/php/org/bovigo/vfs/vfsStreamWrapper.php">
        <class name="vfsStreamWrapper" namespace="org\bovigo\vfs">
          <metrics methods="37" coveredmethods="21" conditionals="0" coveredconditionals="0" statements="355" coveredstatements="155" elements="392" coveredelements="176"/>
        </class>
        <line num="0" type="stmt" count="1"/>
        <line num="103" type="method" name="register" crap="3.02" count="10"/>
        <line num="105" type="stmt" count="10"/>
        <line num="106" type="stmt" count="10"/>
        <line num="107" type="stmt" count="10"/>
        <line num="108" type="stmt" count="9"/>
        <line num="111" type="stmt" count="1"/>
        <line num="112" type="stmt" count="0"/>
        <line num="115" type="stmt" count="1"/>
        <line num="116" type="stmt" count="1"/>
        <line num="124" type="method" name="setRoot" crap="1" count="10"/>
        <line num="126" type="stmt" count="10"/>
        <line num="127" type="stmt" count="10"/>
        <line num="135" type="method" name="getRoot" crap="2" count="0"/>
        <line num="137" type="stmt" count="0"/>
        <line num="146" type="method" name="setQuota" crap="2" count="0"/>
        <line num="148" type="stmt" count="0"/>
        <line num="149" type="stmt" count="0"/>
        <line num="157" type="method" name="getContent" crap="5.07" count="10"/>
        <line num="159" type="stmt" count="10"/>
        <line num="160" type="stmt" count="0"/>
        <line num="163" type="stmt" count="10"/>
        <line num="164" type="stmt" count="10"/>
        <line num="167" type="stmt" count="9"/>
        <line num="168" type="stmt" count="9"/>
        <line num="171" type="stmt" count="9"/>
        <line num="180" type="method" name="isInRoot" crap="1" count="9"/>
        <line num="182" type="stmt" count="9"/>
        <line num="192" type="method" name="getContentOfType" crap="3" count="9"/>
        <line num="194" type="stmt" count="9"/>
        <line num="195" type="stmt" count="9"/>
        <line num="196" type="stmt" count="9"/>
        <line num="199" type="stmt" count="8"/>
        <line num="208" type="method" name="splitPath" crap="2" count="9"/>
        <line num="210" type="stmt" count="9"/>
        <line num="211" type="stmt" count="9"/>
        <line num="212" type="stmt" count="8"/>
        <line num="215" type="stmt" count="9"/>
        <line num="216" type="stmt" count="9"/>
        <line num="217" type="stmt" count="9"/>
        <line num="226" type="method" name="resolvePath" crap="4.02" count="10"/>
        <line num="228" type="stmt" count="10"/>
        <line num="229" type="stmt" count="10"/>
        <line num="230" type="stmt" count="10"/>
        <line num="231" type="stmt" count="10"/>
        <line num="232" type="stmt" count="10"/>
        <line num="233" type="stmt" count="10"/>
        <line num="234" type="stmt" count="0"/>
        <line num="236" type="stmt" count="10"/>
        <line num="237" type="stmt" count="10"/>
        <line num="239" type="stmt" count="10"/>
        <line num="251" type="method" name="stream_open" crap="40.91" count="8"/>
        <line num="253" type="stmt" count="8"/>
        <line num="254" type="stmt" count="8"/>
        <line num="255" type="stmt" count="8"/>
        <line num="256" type="stmt" count="0"/>
        <line num="257" type="stmt" count="0"/>
        <line num="258" type="stmt" count="0"/>
        <line num="260" type="stmt" count="0"/>
        <line num="263" type="stmt" count="8"/>
        <line num="264" type="stmt" count="8"/>
        <line num="265" type="stmt" count="8"/>
        <line num="266" type="stmt" count="8"/>
        <line num="267" type="stmt" count="7"/>
        <line num="268" type="stmt" count="0"/>
        <line num="269" type="stmt" count="0"/>
        <line num="270" type="stmt" count="0"/>
        <line num="272" type="stmt" count="0"/>
        <line num="276" type="stmt" count="7"/>
        <line num="277" type="stmt" count="0"/>
        <line num="278" type="stmt" count="7"/>
        <line num="279" type="stmt" count="0"/>
        <line num="282" type="stmt" count="7"/>
        <line num="283" type="stmt" count="0"/>
        <line num="284" type="stmt" count="7"/>
        <line num="285" type="stmt" count="0"/>
        <line num="286" type="stmt" count="0"/>
        <line num="287" type="stmt" count="7"/>
        <line num="288" type="stmt" count="0"/>
        <line num="289" type="stmt" count="0"/>
        <line num="290" type="stmt" count="0"/>
        <line num="291" type="stmt" count="0"/>
        <line num="293" type="stmt" count="7"/>
        <line num="296" type="stmt" count="7"/>
        <line num="299" type="stmt" count="8"/>
        <line num="300" type="stmt" count="8"/>
        <line num="301" type="stmt" count="0"/>
        <line num="304" type="stmt" count="8"/>
        <line num="305" type="stmt" count="8"/>
        <line num="316" type="method" name="createFile" crap="55.10" count="9"/>
        <line num="318" type="stmt" count="9"/>
        <line num="319" type="stmt" count="9"/>
        <line num="320" type="stmt" count="0"/>
        <line num="321" type="stmt" count="0"/>
        <line num="322" type="stmt" count="0"/>
        <line num="324" type="stmt" count="0"/>
        <line num="327" type="stmt" count="9"/>
        <line num="328" type="stmt" count="9"/>
        <line num="329" type="stmt" count="0"/>
        <line num="330" type="stmt" count="0"/>
        <line num="331" type="stmt" count="0"/>
        <line num="333" type="stmt" count="0"/>
        <line num="334" type="stmt" count="9"/>
        <line num="335" type="stmt" count="0"/>
        <line num="336" type="stmt" count="0"/>
        <line num="337" type="stmt" count="0"/>
        <line num="339" type="stmt" count="0"/>
        <line num="342" type="stmt" count="9"/>
        <line num="343" type="stmt" count="0"/>
        <line num="344" type="stmt" count="0"/>
        <line num="345" type="stmt" count="0"/>
        <line num="347" type="stmt" count="0"/>
        <line num="350" type="stmt" count="9"/>
        <line num="351" type="stmt" count="0"/>
        <line num="352" type="stmt" count="0"/>
        <line num="353" type="stmt" count="0"/>
        <line num="355" type="stmt" count="0"/>
        <line num="358" type="stmt" count="9"/>
        <line num="368" type="method" name="calculateMode" crap="3.07" count="8"/>
        <line num="370" type="stmt" count="8"/>
        <line num="371" type="stmt" count="0"/>
        <line num="374" type="stmt" count="8"/>
        <line num="375" type="stmt" count="7"/>
        <line num="378" type="stmt" count="8"/>
        <line num="386" type="method" name="stream_close" crap="1" count="8"/>
        <line num="388" type="stmt" count="8"/>
        <line num="389" type="stmt" count="8"/>
        <line num="397" type="method" name="stream_read" crap="3.58" count="7"/>
        <line num="399" type="stmt" count="7"/>
        <line num="400" type="stmt" count="0"/>
        <line num="403" type="stmt" count="7"/>
        <line num="404" type="stmt" count="0"/>
        <line num="407" type="stmt" count="7"/>
        <line num="416" type="method" name="stream_write" crap="6.00" count="8"/>
        <line num="418" type="stmt" count="8"/>
        <line num="419" type="stmt" count="0"/>
        <line num="422" type="stmt" count="8"/>
        <line num="423" type="stmt" count="0"/>
        <line num="426" type="stmt" count="8"/>
        <line num="427" type="stmt" count="0"/>
        <line num="428" type="stmt" count="0"/>
        <line num="430" type="stmt" count="8"/>
        <line num="440" type="method" name="stream_truncate" crap="72" count="0"/>
        <line num="442" type="stmt" count="0"/>
        <line num="443" type="stmt" count="0"/>
        <line num="446" type="stmt" count="0"/>
        <line num="447" type="stmt" count="0"/>
        <line num="450" type="stmt" count="0"/>
        <line num="451" type="stmt" count="0"/>
        <line num="454" type="stmt" count="0"/>
        <line num="455" type="stmt" count="0"/>
        <line num="456" type="stmt" count="0"/>
        <line num="457" type="stmt" count="0"/>
        <line num="460" type="stmt" count="0"/>
        <line num="461" type="stmt" count="0"/>
        <line num="462" type="stmt" count="0"/>
        <line num="463" type="stmt" count="0"/>
        <line num="465" type="stmt" count="0"/>
        <line num="477" type="method" name="stream_metadata" crap="102.32" count="1"/>
        <line num="479" type="stmt" count="1"/>
        <line num="480" type="stmt" count="1"/>
        <line num="482" type="stmt" count="1"/>
        <line num="483" type="stmt" count="1"/>
        <line num="484" type="stmt" count="1"/>
        <line num="485" type="stmt" count="1"/>
        <line num="487" type="stmt" count="1"/>
        <line num="488" type="stmt" count="0"/>
        <line num="489" type="stmt" count="0"/>
        <line num="491" type="stmt" count="1"/>
        <line num="492" type="stmt" count="0"/>
        <line num="493" type="stmt" count="0"/>
        <line num="495" type="stmt" count="1"/>
        <line num="497" type="stmt" count="0"/>
        <line num="498" type="stmt" count="0"/>
        <line num="500" type="stmt" count="0"/>
        <line num="501" type="stmt" count="0"/>
        <line num="502" type="stmt" count="0"/>
        <line num="505" type="stmt" count="0"/>
        <line num="506" type="stmt" count="0"/>
        <line num="507" type="stmt" count="0"/>
        <line num="509" type="stmt" count="0"/>
        <line num="510" type="stmt" count="0"/>
        <line num="511" type="stmt" count="0"/>
        <line num="513" type="stmt" count="0"/>
        <line num="514" type="stmt" count="0"/>
        <line num="516" type="stmt" count="0"/>
        <line num="517" type="stmt" count="0"/>
        <line num="518" type="stmt" count="0"/>
        <line num="521" type="stmt" count="0"/>
        <line num="522" type="stmt" count="0"/>
        <line num="523" type="stmt" count="0"/>
        <line num="525" type="stmt" count="0"/>
        <line num="526" type="stmt" count="0"/>
        <line num="527" type="stmt" count="0"/>
        <line num="529" type="stmt" count="0"/>
        <line num="530" type="stmt" count="0"/>
        <line num="531" type="stmt" count="0"/>
        <line num="534" type="stmt" count="0"/>
        <line num="535" type="stmt" count="0"/>
        <line num="536" type="method" name="anonymous function" crap="2" count="0"/>
        <line num="538" type="stmt" count="0"/>
        <line num="539" type="stmt" count="0"/>
        <line num="540" type="stmt" count="0"/>
        <line num="542" type="stmt" count="0"/>
        <line num="543" type="stmt" count="0"/>
        <line num="544" type="stmt" count="0"/>
        <line num="555" type="method" name="doPermChange" crap="20" count="0"/>
        <line num="557" type="stmt" count="0"/>
        <line num="558" type="stmt" count="0"/>
        <line num="561" type="stmt" count="0"/>
        <line num="562" type="stmt" count="0"/>
        <line num="563" type="stmt" count="0"/>
        <line num="564" type="stmt" count="0"/>
        <line num="565" type="stmt" count="0"/>
        <line num="567" type="stmt" count="0"/>
        <line num="569" type="stmt" count="0"/>
        <line num="570" type="stmt" count="0"/>
        <line num="578" type="method" name="stream_eof" crap="1" count="7"/>
        <line num="580" type="stmt" count="7"/>
        <line num="588" type="method" name="stream_tell" crap="2" count="0"/>
        <line num="590" type="stmt" count="0"/>
        <line num="600" type="method" name="stream_seek" crap="2" count="0"/>
        <line num="602" type="stmt" count="0"/>
        <line num="610" type="method" name="stream_flush" crap="1" count="8"/>
        <line num="612" type="stmt" count="8"/>
        <line num="620" type="method" name="stream_stat" crap="1" count="7"/>
        <line num="622" type="stmt" count="7"/>
        <line num="623" type="stmt" count="7"/>
        <line num="624" type="stmt" count="7"/>
        <line num="625" type="stmt" count="7"/>
        <line num="626" type="stmt" count="7"/>
        <line num="627" type="stmt" count="7"/>
        <line num="628" type="stmt" count="7"/>
        <line num="629" type="stmt" count="7"/>
        <line num="630" type="stmt" count="7"/>
        <line num="631" type="stmt" count="7"/>
        <line num="632" type="stmt" count="7"/>
        <line num="633" type="stmt" count="7"/>
        <line num="635" type="stmt" count="7"/>
        <line num="636" type="stmt" count="7"/>
        <line num="650" type="method" name="stream_cast" crap="2" count="0"/>
        <line num="652" type="stmt" count="0"/>
        <line num="665" type="method" name="stream_lock" crap="6" count="0"/>
        <line num="667" type="stmt" count="0"/>
        <line num="668" type="stmt" count="0"/>
        <line num="669" type="stmt" count="0"/>
        <line num="671" type="stmt" count="0"/>
        <line num="685" type="method" name="stream_set_option" crap="20" count="0"/>
        <line num="688" type="stmt" count="0"/>
        <line num="691" type="stmt" count="0"/>
        <line num="694" type="stmt" count="0"/>
        <line num="697" type="stmt" count="0"/>
        <line num="699" type="stmt" count="0"/>
        <line num="701" type="stmt" count="0"/>
        <line num="710" type="method" name="unlink" crap="3.47" count="7"/>
        <line num="712" type="stmt" count="7"/>
        <line num="713" type="stmt" count="7"/>
        <line num="714" type="stmt" count="7"/>
        <line num="715" type="stmt" count="0"/>
        <line num="718" type="stmt" count="7"/>
        <line num="719" type="stmt" count="0"/>
        <line num="720" type="stmt" count="0"/>
        <line num="723" type="stmt" count="7"/>
        <line num="732" type="method" name="doUnlink" crap="3.58" count="7"/>
        <line num="734" type="stmt" count="7"/>
        <line num="736" type="stmt" count="0"/>
        <line num="737" type="stmt" count="0"/>
        <line num="738" type="stmt" count="0"/>
        <line num="741" type="stmt" count="7"/>
        <line num="742" type="stmt" count="7"/>
        <line num="743" type="stmt" count="7"/>
        <line num="744" type="stmt" count="0"/>
        <line num="747" type="stmt" count="7"/>
        <line num="748" type="stmt" count="7"/>
        <line num="759" type="method" name="rename" crap="42" count="0"/>
        <line num="761" type="stmt" count="0"/>
        <line num="762" type="stmt" count="0"/>
        <line num="763" type="stmt" count="0"/>
        <line num="764" type="stmt" count="0"/>
        <line num="765" type="stmt" count="0"/>
        <line num="766" type="stmt" count="0"/>
        <line num="768" type="stmt" count="0"/>
        <line num="769" type="stmt" count="0"/>
        <line num="770" type="stmt" count="0"/>
        <line num="771" type="stmt" count="0"/>
        <line num="772" type="stmt" count="0"/>
        <line num="774" type="stmt" count="0"/>
        <line num="775" type="stmt" count="0"/>
        <line num="776" type="stmt" count="0"/>
        <line num="778" type="stmt" count="0"/>
        <line num="779" type="stmt" count="0"/>
        <line num="780" type="stmt" count="0"/>
        <line num="785" type="stmt" count="0"/>
        <line num="786" type="stmt" count="0"/>
        <line num="789" type="stmt" count="0"/>
        <line num="791" type="stmt" count="0"/>
        <line num="793" type="stmt" count="0"/>
        <line num="794" type="stmt" count="0"/>
        <line num="805" type="method" name="mkdir" crap="15.20" count="8"/>
        <line num="807" type="stmt" count="8"/>
        <line num="808" type="stmt" count="8"/>
        <line num="809" type="stmt" count="0"/>
        <line num="810" type="stmt" count="0"/>
        <line num="811" type="stmt" count="8"/>
        <line num="814" type="stmt" count="8"/>
        <line num="815" type="stmt" count="8"/>
        <line num="816" type="stmt" count="0"/>
        <line num="817" type="stmt" count="0"/>
        <line num="820" type="stmt" count="8"/>
        <line num="821" type="stmt" count="0"/>
        <line num="822" type="stmt" count="0"/>
        <line num="825" type="stmt" count="8"/>
        <line num="826" type="stmt" count="8"/>
        <line num="827" type="stmt" count="8"/>
        <line num="828" type="stmt" count="8"/>
        <line num="829" type="stmt" count="8"/>
        <line num="830" type="stmt" count="8"/>
        <line num="831" type="stmt" count="8"/>
        <line num="832" type="stmt" count="8"/>
        <line num="833" type="stmt" count="8"/>
        <line num="834" type="stmt" count="8"/>
        <line num="835" type="stmt" count="8"/>
        <line num="837" type="stmt" count="8"/>
        <line num="838" type="stmt" count="8"/>
        <line num="840" type="stmt" count="8"/>
        <line num="841" type="stmt" count="8"/>
        <line num="842" type="stmt" count="8"/>
        <line num="843" type="stmt" count="0"/>
        <line num="846" type="stmt" count="8"/>
        <line num="847" type="stmt" count="8"/>
        <line num="848" type="stmt" count="0"/>
        <line num="851" type="stmt" count="8"/>
        <line num="852" type="stmt" count="8"/>
        <line num="863" type="method" name="rmdir" crap="30" count="0"/>
        <line num="865" type="stmt" count="0"/>
        <line num="866" type="stmt" count="0"/>
        <line num="867" type="stmt" count="0"/>
        <line num="868" type="stmt" count="0"/>
        <line num="872" type="stmt" count="0"/>
        <line num="873" type="stmt" count="0"/>
        <line num="876" type="stmt" count="0"/>
        <line num="878" type="stmt" count="0"/>
        <line num="879" type="stmt" count="0"/>
        <line num="880" type="stmt" count="0"/>
        <line num="883" type="stmt" count="0"/>
        <line num="884" type="stmt" count="0"/>
        <line num="885" type="stmt" count="0"/>
        <line num="886" type="stmt" count="0"/>
        <line num="889" type="stmt" count="0"/>
        <line num="890" type="stmt" count="0"/>
        <line num="900" type="method" name="dir_opendir" crap="12" count="0"/>
        <line num="902" type="stmt" count="0"/>
        <line num="903" type="stmt" count="0"/>
        <line num="904" type="stmt" count="0"/>
        <line num="905" type="stmt" count="0"/>
        <line num="908" type="stmt" count="0"/>
        <line num="909" type="stmt" count="0"/>
        <line num="917" type="method" name="dir_readdir" crap="6" count="0"/>
        <line num="919" type="stmt" count="0"/>
        <line num="920" type="stmt" count="0"/>
        <line num="921" type="stmt" count="0"/>
        <line num="924" type="stmt" count="0"/>
        <line num="925" type="stmt" count="0"/>
        <line num="933" type="method" name="dir_rewinddir" crap="2" count="0"/>
        <line num="935" type="stmt" count="0"/>
        <line num="943" type="method" name="dir_closedir" crap="2" count="0"/>
        <line num="945" type="stmt" count="0"/>
        <line num="946" type="stmt" count="0"/>
        <line num="956" type="method" name="url_stat" crap="3.01" count="10"/>
        <line num="958" type="stmt" count="10"/>
        <line num="959" type="stmt" count="10"/>
        <line num="960" type="stmt" count="8"/>
        <line num="961" type="stmt" count="0"/>
        <line num="962" type="stmt" count="0"/>
        <line num="964" type="stmt" count="8"/>
        <line num="968" type="stmt" count="10"/>
        <line num="969" type="stmt" count="10"/>
        <line num="970" type="stmt" count="10"/>
        <line num="971" type="stmt" count="10"/>
        <line num="972" type="stmt" count="10"/>
        <line num="973" type="stmt" count="10"/>
        <line num="974" type="stmt" count="10"/>
        <line num="975" type="stmt" count="10"/>
        <line num="976" type="stmt" count="10"/>
        <line num="977" type="stmt" count="10"/>
        <line num="978" type="stmt" count="10"/>
        <line num="979" type="stmt" count="10"/>
        <line num="981" type="stmt" count="10"/>
        <line num="982" type="stmt" count="10"/>
        <line num="985" type="stmt" count="1"/>
        <metrics loc="984" ncloc="643" classes="1" methods="37" coveredmethods="8" conditionals="0" coveredconditionals="0" statements="352" coveredstatements="155" elements="389" coveredelements="163"/>
      </file>
    </package>
    <file name="/home/bram/www/cache-skeleton/vendor/mikey179/vfsStream/src/main/php/org/bovigo/vfs/vfsStreamContainer.php">
      <line num="14" type="stmt" count="1"/>
      <line num="62" type="stmt" count="1"/>
      <metrics loc="61" ncloc="16" classes="0" methods="0" coveredmethods="0" conditionals="0" coveredconditionals="0" statements="1" coveredstatements="1" elements="1" coveredelements="1"/>
    </file>
    <file name="/home/bram/www/cache-skeleton/vendor/mikey179/vfsStream/src/main/php/org/bovigo/vfs/vfsStreamContent.php">
      <line num="14" type="stmt" count="1"/>
      <line num="207" type="stmt" count="1"/>
      <metrics loc="206" ncloc="50" classes="0" methods="0" coveredmethods="0" conditionals="0" coveredconditionals="0" statements="1" coveredstatements="1" elements="1" coveredelements="1"/>
    </file>
    <file name="/home/bram/www/cache-skeleton/vendor/mockery/mockery/library/Mockery.php">
      <class name="Mockery" namespace="global">
        <metrics methods="29" coveredmethods="7" conditionals="0" coveredconditionals="0" statements="162" coveredstatements="45" elements="191" coveredelements="52"/>
      </class>
      <line num="0" type="stmt" count="1"/>
      <line num="44" type="method" name="mock" crap="2" count="26"/>
      <line num="46" type="stmt" count="26"/>
      <line num="47" type="stmt" count="16"/>
      <line num="48" type="stmt" count="16"/>
      <line num="49" type="stmt" count="26"/>
      <line num="50" type="stmt" count="26"/>
      <line num="53" type="method" name="instanceMock" crap="6" count="0"/>
      <line num="55" type="stmt" count="0"/>
      <line num="56" type="stmt" count="0"/>
      <line num="57" type="stmt" count="0"/>
      <line num="58" type="stmt" count="0"/>
      <line num="59" type="stmt" count="0"/>
      <line num="67" type="method" name="self" crap="6" count="0"/>
      <line num="69" type="stmt" count="0"/>
      <line num="70" type="stmt" count="0"/>
      <line num="73" type="stmt" count="0"/>
      <line num="82" type="method" name="close" crap="2" count="17"/>
      <line num="84" type="stmt" count="17"/>
      <line num="85" type="stmt" count="16"/>
      <line num="86" type="stmt" count="16"/>
      <line num="87" type="stmt" count="16"/>
      <line num="88" type="stmt" count="16"/>
      <line num="93" type="method" name="fetchMock" crap="2" count="0"/>
      <line num="95" type="stmt" count="0"/>
      <line num="101" type="method" name="getContainer" crap="2" count="0"/>
      <line num="103" type="stmt" count="0"/>
      <line num="109" type="method" name="setContainer" crap="2" count="0"/>
      <line num="111" type="stmt" count="0"/>
      <line num="117" type="method" name="resetContainer" crap="2" count="0"/>
      <line num="119" type="stmt" count="0"/>
      <line num="120" type="stmt" count="0"/>
      <line num="127" type="method" name="any" crap="1" count="2"/>
      <line num="129" type="stmt" count="2"/>
      <line num="130" type="stmt" count="2"/>
      <line num="138" type="method" name="type" crap="2" count="0"/>
      <line num="140" type="stmt" count="0"/>
      <line num="141" type="stmt" count="0"/>
      <line num="149" type="method" name="ducktype" crap="2" count="0"/>
      <line num="151" type="stmt" count="0"/>
      <line num="152" type="stmt" count="0"/>
      <line num="154" type="stmt" count="1"/>
      <line num="160" type="method" name="subset" crap="2" count="0"/>
      <line num="162" type="stmt" count="0"/>
      <line num="163" type="stmt" count="0"/>
      <line num="171" type="method" name="contains" crap="2" count="0"/>
      <line num="173" type="stmt" count="0"/>
      <line num="174" type="stmt" count="0"/>
      <line num="182" type="method" name="hasKey" crap="2" count="0"/>
      <line num="184" type="stmt" count="0"/>
      <line num="185" type="stmt" count="0"/>
      <line num="193" type="method" name="hasValue" crap="1.12" count="1"/>
      <line num="194" type="stmt" count="1"/>
      <line num="195" type="stmt" count="0"/>
      <line num="196" type="stmt" count="0"/>
      <line num="197" type="stmt" count="1"/>
      <line num="204" type="method" name="on" crap="2" count="0"/>
      <line num="206" type="stmt" count="0"/>
      <line num="207" type="stmt" count="0"/>
      <line num="215" type="method" name="mustBe" crap="2" count="0"/>
      <line num="217" type="stmt" count="0"/>
      <line num="218" type="stmt" count="0"/>
      <line num="226" type="method" name="not" crap="2" count="0"/>
      <line num="228" type="stmt" count="0"/>
      <line num="229" type="stmt" count="0"/>
      <line num="237" type="method" name="anyOf" crap="2" count="0"/>
      <line num="239" type="stmt" count="0"/>
      <line num="240" type="stmt" count="0"/>
      <line num="248" type="method" name="notAnyOf" crap="2" count="0"/>
      <line num="250" type="stmt" count="0"/>
      <line num="251" type="stmt" count="0"/>
      <line num="257" type="method" name="getConfiguration" crap="2" count="26"/>
      <line num="259" type="stmt" count="26"/>
      <line num="260" type="stmt" count="1"/>
      <line num="261" type="stmt" count="1"/>
      <line num="262" type="stmt" count="26"/>
      <line num="272" type="method" name="formatArgs" crap="72" count="0"/>
      <line num="274" type="stmt" count="0"/>
      <line num="275" type="stmt" count="0"/>
      <line num="276" type="stmt" count="0"/>
      <line num="277" type="stmt" count="0"/>
      <line num="278" type="stmt" count="0"/>
      <line num="279" type="stmt" count="0"/>
      <line num="280" type="stmt" count="0"/>
      <line num="281" type="stmt" count="0"/>
      <line num="282" type="stmt" count="0"/>
      <line num="283" type="stmt" count="0"/>
      <line num="284" type="stmt" count="0"/>
      <line num="285" type="stmt" count="0"/>
      <line num="287" type="stmt" count="0"/>
      <line num="288" type="stmt" count="0"/>
      <line num="290" type="stmt" count="0"/>
      <line num="291" type="stmt" count="0"/>
      <line num="292" type="stmt" count="0"/>
      <line num="301" type="method" name="formatObjects" crap="42" count="0"/>
      <line num="303" type="stmt" count="0"/>
      <line num="304" type="stmt" count="0"/>
      <line num="305" type="stmt" count="0"/>
      <line num="306" type="stmt" count="0"/>
      <line num="307" type="stmt" count="0"/>
      <line num="308" type="stmt" count="0"/>
      <line num="309" type="stmt" count="0"/>
      <line num="310" type="stmt" count="0"/>
      <line num="311" type="stmt" count="0"/>
      <line num="312" type="stmt" count="0"/>
      <line num="313" type="stmt" count="0"/>
      <line num="314" type="stmt" count="0"/>
      <line num="315" type="stmt" count="0"/>
      <line num="316" type="stmt" count="0"/>
      <line num="317" type="stmt" count="0"/>
      <line num="327" type="method" name="_objectToArray" crap="90" count="0"/>
      <line num="329" type="stmt" count="0"/>
      <line num="330" type="stmt" count="0"/>
      <line num="332" type="stmt" count="0"/>
      <line num="333" type="stmt" count="0"/>
      <line num="334" type="stmt" count="0"/>
      <line num="336" type="stmt" count="0"/>
      <line num="337" type="stmt" count="0"/>
      <line num="338" type="stmt" count="0"/>
      <line num="340" type="stmt" count="0"/>
      <line num="341" type="stmt" count="0"/>
      <line num="343" type="stmt" count="0"/>
      <line num="344" type="stmt" count="0"/>
      <line num="345" type="stmt" count="0"/>
      <line num="346" type="stmt" count="0"/>
      <line num="347" type="stmt" count="0"/>
      <line num="348" type="stmt" count="0"/>
      <line num="349" type="stmt" count="0"/>
      <line num="350" type="stmt" count="0"/>
      <line num="353" type="method" name="_cleanupNesting" crap="12" count="0"/>
      <line num="354" type="stmt" count="0"/>
      <line num="355" type="stmt" count="0"/>
      <line num="356" type="stmt" count="0"/>
      <line num="357" type="stmt" count="0"/>
      <line num="358" type="stmt" count="0"/>
      <line num="359" type="stmt" count="0"/>
      <line num="361" type="stmt" count="0"/>
      <line num="364" type="method" name="_cleanupArray" crap="30" count="0"/>
      <line num="365" type="stmt" count="0"/>
      <line num="366" type="stmt" count="0"/>
      <line num="368" type="stmt" count="0"/>
      <line num="369" type="stmt" count="0"/>
      <line num="370" type="stmt" count="0"/>
      <line num="371" type="stmt" count="0"/>
      <line num="372" type="stmt" count="0"/>
      <line num="373" type="stmt" count="0"/>
      <line num="374" type="stmt" count="0"/>
      <line num="375" type="stmt" count="0"/>
      <line num="386" type="method" name="parseShouldReturnArgs" crap="5.73" count="24"/>
      <line num="388" type="stmt" count="24"/>
      <line num="389" type="stmt" count="24"/>
      <line num="390" type="stmt" count="24"/>
      <line num="391" type="stmt" count="0"/>
      <line num="392" type="stmt" count="0"/>
      <line num="393" type="stmt" count="0"/>
      <line num="394" type="stmt" count="0"/>
      <line num="395" type="stmt" count="24"/>
      <line num="396" type="stmt" count="24"/>
      <line num="397" type="stmt" count="24"/>
      <line num="398" type="stmt" count="24"/>
      <line num="399" type="stmt" count="24"/>
      <line num="400" type="stmt" count="24"/>
      <line num="412" type="method" name="_buildDemeterChain" crap="14.56" count="24"/>
      <line num="414" type="stmt" count="24"/>
      <line num="415" type="stmt" count="24"/>
      <line num="416" type="stmt" count="24"/>
      <line num="417" type="stmt" count="24"/>
      <line num="418" type="stmt" count="24"/>
      <line num="419" type="stmt" count="24"/>
      <line num="420" type="stmt" count="0"/>
      <line num="422" type="stmt" count="0"/>
      <line num="423" type="stmt" count="0"/>
      <line num="424" type="stmt" count="0"/>
      <line num="426" type="stmt" count="24"/>
      <line num="427" type="stmt" count="24"/>
      <line num="428" type="stmt" count="24"/>
      <line num="429" type="stmt" count="24"/>
      <line num="430" type="stmt" count="24"/>
      <line num="431" type="stmt" count="24"/>
      <line num="432" type="stmt" count="24"/>
      <line num="433" type="stmt" count="24"/>
      <line num="434" type="stmt" count="24"/>
      <line num="435" type="stmt" count="24"/>
      <line num="436" type="stmt" count="24"/>
      <line num="437" type="stmt" count="0"/>
      <line num="438" type="stmt" count="0"/>
      <line num="439" type="stmt" count="0"/>
      <line num="440" type="stmt" count="0"/>
      <line num="441" type="method" name="anonymous function" crap="2" count="0"/>
      <line num="442" type="stmt" count="0"/>
      <line num="443" type="stmt" count="24"/>
      <line num="446" type="stmt" count="1"/>
      <metrics loc="445" ncloc="287" classes="1" methods="29" coveredmethods="4" conditionals="0" coveredconditionals="0" statements="162" coveredstatements="46" elements="191" coveredelements="50"/>
    </file>
    <package name="Mockery">
      <file name="/home/bram/www/cache-skeleton/vendor/mockery/mockery/library/Mockery/CompositeExpectation.php">
        <class name="CompositeExpectation" namespace="Mockery">
          <metrics methods="7" coveredmethods="4" conditionals="0" coveredconditionals="0" statements="24" coveredstatements="13" elements="31" coveredelements="17"/>
        </class>
        <line num="39" type="method" name="add" crap="1" count="24"/>
        <line num="41" type="stmt" count="24"/>
        <line num="42" type="stmt" count="24"/>
        <line num="51" type="method" name="__call" crap="2" count="24"/>
        <line num="53" type="stmt" count="24"/>
        <line num="54" type="stmt" count="24"/>
        <line num="55" type="stmt" count="24"/>
        <line num="56" type="stmt" count="24"/>
        <line num="64" type="method" name="getOrderNumber" crap="2" count="0"/>
        <line num="66" type="stmt" count="0"/>
        <line num="67" type="stmt" count="0"/>
        <line num="68" type="stmt" count="0"/>
        <line num="76" type="method" name="getMock" crap="1" count="16"/>
        <line num="78" type="stmt" count="16"/>
        <line num="79" type="stmt" count="16"/>
        <line num="80" type="stmt" count="16"/>
        <line num="88" type="method" name="mock" crap="2" count="0"/>
        <line num="90" type="stmt" count="0"/>
        <line num="99" type="method" name="shouldReceive" crap="1" count="14"/>
        <line num="101" type="stmt" count="14"/>
        <line num="102" type="stmt" count="14"/>
        <line num="103" type="stmt" count="14"/>
        <line num="104" type="stmt" count="14"/>
        <line num="112" type="method" name="__toString" crap="6" count="0"/>
        <line num="114" type="stmt" count="0"/>
        <line num="115" type="stmt" count="0"/>
        <line num="116" type="stmt" count="0"/>
        <line num="117" type="stmt" count="0"/>
        <line num="118" type="stmt" count="0"/>
        <line num="119" type="stmt" count="0"/>
        <line num="120" type="stmt" count="0"/>
        <line num="124" type="stmt" count="1"/>
        <metrics loc="123" ncloc="61" classes="1" methods="7" coveredmethods="4" conditionals="0" coveredconditionals="0" statements="24" coveredstatements="13" elements="31" coveredelements="17"/>
      </file>
      <file name="/home/bram/www/cache-skeleton/vendor/mockery/mockery/library/Mockery/Configuration.php">
        <class name="Configuration" namespace="Mockery">
          <metrics methods="6" coveredmethods="1" conditionals="0" coveredconditionals="0" statements="14" coveredstatements="1" elements="20" coveredelements="2"/>
        </class>
        <line num="56" type="method" name="allowMockingNonExistentMethods" crap="2" count="0"/>
        <line num="58" type="stmt" count="0"/>
        <line num="59" type="stmt" count="0"/>
        <line num="66" type="method" name="mockingNonExistentMethodsAllowed" crap="1" count="26"/>
        <line num="68" type="stmt" count="26"/>
        <line num="76" type="method" name="allowMockingMethodsUnnecessarily" crap="2" count="0"/>
        <line num="78" type="stmt" count="0"/>
        <line num="79" type="stmt" count="0"/>
        <line num="86" type="method" name="mockingMethodsUnnecessarilyAllowed" crap="2" count="0"/>
        <line num="88" type="stmt" count="0"/>
        <line num="99" type="method" name="setInternalClassMethodParamMap" crap="6" count="0"/>
        <line num="101" type="stmt" count="0"/>
        <line num="102" type="stmt" count="0"/>
        <line num="103" type="stmt" count="0"/>
        <line num="104" type="stmt" count="0"/>
        <line num="105" type="stmt" count="0"/>
        <line num="112" type="method" name="getInternalClassMethodParamMap" crap="6" count="0"/>
        <line num="114" type="stmt" count="0"/>
        <line num="115" type="stmt" count="0"/>
        <line num="117" type="stmt" count="0"/>
        <line num="120" type="stmt" count="1"/>
        <metrics loc="119" ncloc="49" classes="1" methods="6" coveredmethods="1" conditionals="0" coveredconditionals="0" statements="14" coveredstatements="1" elements="20" coveredelements="2"/>
      </file>
      <file name="/home/bram/www/cache-skeleton/vendor/mockery/mockery/library/Mockery/Container.php">
        <class name="Container" namespace="Mockery">
          <metrics methods="18" coveredmethods="10" conditionals="0" coveredconditionals="0" statements="175" coveredstatements="60" elements="193" coveredelements="70"/>
        </class>
        <line num="0" type="stmt" count="2"/>
        <line num="65" type="method" name="mock" crap="402.28" count="26"/>
        <line num="67" type="stmt" count="26"/>
        <line num="68" type="stmt" count="26"/>
        <line num="69" type="stmt" count="26"/>
        <line num="70" type="stmt" count="26"/>
        <line num="71" type="stmt" count="26"/>
        <line num="72" type="stmt" count="26"/>
        <line num="73" type="stmt" count="26"/>
        <line num="74" type="stmt" count="26"/>
        <line num="75" type="stmt" count="26"/>
        <line num="76" type="stmt" count="26"/>
        <line num="77" type="stmt" count="26"/>
        <line num="78" type="stmt" count="0"/>
        <line num="79" type="stmt" count="0"/>
        <line num="80" type="stmt" count="0"/>
        <line num="81" type="stmt" count="0"/>
        <line num="82" type="stmt" count="0"/>
        <line num="83" type="stmt" count="0"/>
        <line num="84" type="stmt" count="26"/>
        <line num="85" type="stmt" count="26"/>
        <line num="87" type="stmt" count="26"/>
        <line num="88" type="stmt" count="0"/>
        <line num="89" type="stmt" count="0"/>
        <line num="90" type="stmt" count="0"/>
        <line num="91" type="stmt" count="0"/>
        <line num="94" type="stmt" count="0"/>
        <line num="95" type="stmt" count="0"/>
        <line num="96" type="stmt" count="0"/>
        <line num="98" type="stmt" count="0"/>
        <line num="99" type="stmt" count="0"/>
        <line num="100" type="stmt" count="0"/>
        <line num="101" type="stmt" count="26"/>
        <line num="102" type="stmt" count="0"/>
        <line num="103" type="stmt" count="0"/>
        <line num="104" type="stmt" count="0"/>
        <line num="105" type="stmt" count="26"/>
        <line num="106" type="stmt" count="0"/>
        <line num="107" type="stmt" count="0"/>
        <line num="108" type="stmt" count="0"/>
        <line num="109" type="stmt" count="0"/>
        <line num="110" type="stmt" count="26"/>
        <line num="111" type="stmt" count="0"/>
        <line num="112" type="stmt" count="0"/>
        <line num="113" type="stmt" count="0"/>
        <line num="114" type="stmt" count="0"/>
        <line num="116" type="stmt" count="0"/>
        <line num="117" type="stmt" count="0"/>
        <line num="118" type="stmt" count="0"/>
        <line num="119" type="stmt" count="0"/>
        <line num="120" type="stmt" count="26"/>
        <line num="121" type="stmt" count="26"/>
        <line num="122" type="stmt" count="26"/>
        <line num="123" type="stmt" count="0"/>
        <line num="124" type="stmt" count="0"/>
        <line num="125" type="stmt" count="0"/>
        <line num="126" type="stmt" count="0"/>
        <line num="127" type="stmt" count="0"/>
        <line num="129" type="stmt" count="0"/>
        <line num="130" type="stmt" count="0"/>
        <line num="131" type="stmt" count="0"/>
        <line num="132" type="stmt" count="0"/>
        <line num="133" type="stmt" count="0"/>
        <line num="134" type="stmt" count="0"/>
        <line num="135" type="stmt" count="0"/>
        <line num="137" type="stmt" count="0"/>
        <line num="138" type="stmt" count="0"/>
        <line num="140" type="stmt" count="26"/>
        <line num="141" type="stmt" count="26"/>
        <line num="142" type="stmt" count="0"/>
        <line num="143" type="stmt" count="0"/>
        <line num="144" type="stmt" count="0"/>
        <line num="145" type="stmt" count="0"/>
        <line num="147" type="stmt" count="0"/>
        <line num="148" type="stmt" count="0"/>
        <line num="149" type="stmt" count="0"/>
        <line num="150" type="stmt" count="26"/>
        <line num="151" type="stmt" count="0"/>
        <line num="152" type="stmt" count="0"/>
        <line num="153" type="stmt" count="26"/>
        <line num="154" type="stmt" count="26"/>
        <line num="155" type="stmt" count="26"/>
        <line num="156" type="stmt" count="26"/>
        <line num="157" type="stmt" count="26"/>
        <line num="158" type="stmt" count="0"/>
        <line num="159" type="stmt" count="0"/>
        <line num="160" type="stmt" count="0"/>
        <line num="161" type="stmt" count="14"/>
        <line num="162" type="stmt" count="0"/>
        <line num="163" type="stmt" count="0"/>
        <line num="165" type="stmt" count="26"/>
        <line num="166" type="stmt" count="0"/>
        <line num="167" type="stmt" count="0"/>
        <line num="168" type="stmt" count="26"/>
        <line num="169" type="stmt" count="0"/>
        <line num="170" type="stmt" count="0"/>
        <line num="171" type="stmt" count="26"/>
        <line num="172" type="stmt" count="26"/>
        <line num="175" type="method" name="instanceMock" crap="1.12" count="2"/>
        <line num="177" type="stmt" count="2"/>
        <line num="178" type="stmt" count="0"/>
        <line num="185" type="method" name="mockery_teardown" crap="2.15" count="16"/>
        <line num="188" type="stmt" count="16"/>
        <line num="189" type="stmt" count="16"/>
        <line num="190" type="stmt" count="0"/>
        <line num="191" type="stmt" count="0"/>
        <line num="193" type="stmt" count="16"/>
        <line num="200" type="method" name="mockery_verify" crap="2" count="16"/>
        <line num="202" type="stmt" count="16"/>
        <line num="203" type="stmt" count="16"/>
        <line num="204" type="stmt" count="16"/>
        <line num="205" type="stmt" count="16"/>
        <line num="212" type="method" name="mockery_close" crap="2" count="16"/>
        <line num="214" type="stmt" count="16"/>
        <line num="215" type="stmt" count="16"/>
        <line num="216" type="stmt" count="16"/>
        <line num="217" type="stmt" count="16"/>
        <line num="218" type="stmt" count="16"/>
        <line num="225" type="method" name="mockery_allocateOrder" crap="2" count="0"/>
        <line num="227" type="stmt" count="0"/>
        <line num="228" type="stmt" count="0"/>
        <line num="237" type="method" name="mockery_setGroup" crap="2" count="0"/>
        <line num="239" type="stmt" count="0"/>
        <line num="240" type="stmt" count="0"/>
        <line num="247" type="method" name="mockery_getGroups" crap="1.12" count="1"/>
        <line num="249" type="stmt" count="0"/>
        <line num="250" type="stmt" count="1"/>
        <line num="258" type="method" name="mockery_setCurrentOrder" crap="2" count="0"/>
        <line num="260" type="stmt" count="0"/>
        <line num="261" type="stmt" count="0"/>
        <line num="269" type="method" name="mockery_getCurrentOrder" crap="2" count="0"/>
        <line num="271" type="stmt" count="0"/>
        <line num="282" type="method" name="mockery_validateOrder" crap="5.15" count="3"/>
        <line num="284" type="stmt" count="0"/>
        <line num="285" type="stmt" count="0"/>
        <line num="286" type="stmt" count="0"/>
        <line num="287" type="stmt" count="0"/>
        <line num="288" type="stmt" count="0"/>
        <line num="289" type="stmt" count="0"/>
        <line num="290" type="stmt" count="0"/>
        <line num="291" type="stmt" count="0"/>
        <line num="292" type="stmt" count="0"/>
        <line num="293" type="stmt" count="0"/>
        <line num="295" type="stmt" count="0"/>
        <line num="296" type="stmt" count="0"/>
        <line num="303" type="method" name="mockery_getExpectationCount" crap="6" count="0"/>
        <line num="305" type="stmt" count="0"/>
        <line num="306" type="stmt" count="0"/>
        <line num="307" type="stmt" count="0"/>
        <line num="308" type="stmt" count="0"/>
        <line num="309" type="stmt" count="0"/>
        <line num="318" type="method" name="rememberMock" crap="2.03" count="26"/>
        <line num="320" type="stmt" count="26"/>
        <line num="321" type="stmt" count="26"/>
        <line num="322" type="stmt" count="26"/>
        <line num="327" type="stmt" count="0"/>
        <line num="329" type="stmt" count="26"/>
        <line num="340" type="method" name="self" crap="1.42" count="14"/>
        <line num="342" type="stmt" count="0"/>
        <line num="343" type="stmt" count="0"/>
        <line num="344" type="stmt" count="0"/>
        <line num="345" type="stmt" count="14"/>
        <line num="353" type="method" name="fetchMock" crap="6" count="0"/>
[...]
        <line num="361" type="stmt" count="0"/>
        <line num="363" type="stmt" count="0"/>
        <line num="364" type="stmt" count="0"/>
        <line num="365" type="stmt" count="0"/>
        <line num="367" type="stmt" count="0"/>
        <line num="368" type="stmt" count="0"/>
        <line num="369" type="stmt" count="0"/>
        <line num="370" type="stmt" count="0"/>
        <line num="371" type="stmt" count="0"/>
        <line num="372" type="stmt" count="0"/>
        <line num="373" type="stmt" count="0"/>
        <line num="374" type="stmt" count="0"/>
        <line num="375" type="stmt" count="0"/>
        <line num="376" type="stmt" count="0"/>
        <line num="378" type="stmt" count="0"/>
        <line num="379" type="stmt" count="0"/>
        <line num="380" type="stmt" count="0"/>
        <line num="381" type="stmt" count="0"/>
        <line num="382" type="stmt" count="0"/>
        <line num="384" type="stmt" count="0"/>
        <line num="385" type="stmt" count="0"/>
        <line num="386" type="stmt" count="0"/>
        <line num="388" type="stmt" count="0"/>
        <line num="389" type="stmt" count="0"/>
        <line num="390" type="stmt" count="0"/>
        <line num="392" type="stmt" count="0"/>
        <line num="408" type="method" name="normalize" crap="90" count="0"/>
        <line num="410" type="stmt" count="0"/>
        <line num="411" type="stmt" count="0"/>
        <line num="412" type="stmt" count="0"/>
        <line num="414" type="stmt" count="0"/>
        <line num="415" type="stmt" count="0"/>
        <line num="416" type="stmt" count="0"/>
        <line num="418" type="stmt" count="0"/>
        <line num="419" type="stmt" count="0"/>
        <line num="420" type="stmt" count="0"/>
        <line num="422" type="stmt" count="0"/>
        <line num="423" type="stmt" count="0"/>
        <line num="424" type="stmt" count="0"/>
        <line num="426" type="stmt" count="0"/>
        <line num="427" type="stmt" count="0"/>
        <line num="428" type="stmt" count="0"/>
        <line num="430" type="stmt" count="0"/>
        <line num="431" type="stmt" count="0"/>
        <line num="432" type="stmt" count="0"/>
        <line num="436" type="stmt" count="0"/>
        <line num="437" type="stmt" count="0"/>
        <line num="438" type="stmt" count="0"/>
        <line num="440" type="stmt" count="0"/>
        <line num="457" type="method" name="resolve" crap="110" count="0"/>
        <line num="460" type="stmt" count="0"/>
        <line num="461" type="stmt" count="0"/>
        <line num="464" type="stmt" count="0"/>
        <line num="465" type="stmt" count="0"/>
        <line num="466" type="stmt" count="0"/>
        <line num="467" type="stmt" count="0"/>
        <line num="469" type="stmt" count="0"/>
        <line num="473" type="stmt" count="0"/>
        <line num="474" type="stmt" count="0"/>
        <line num="475" type="stmt" count="0"/>
        <line num="476" type="stmt" count="0"/>
        <line num="477" type="stmt" count="0"/>
        <line num="478" type="stmt" count="0"/>
        <line num="479" type="stmt" count="0"/>
        <line num="480" type="stmt" count="0"/>
        <line num="481" type="stmt" count="0"/>
        <line num="482" type="stmt" count="0"/>
        <line num="483" type="stmt" count="0"/>
        <line num="484" type="stmt" count="0"/>
        <line num="485" type="stmt" count="0"/>
        <line num="486" type="stmt" count="0"/>
        <line num="487" type="stmt" count="0"/>
        <line num="488" type="stmt" count="0"/>
        <line num="489" type="stmt" count="0"/>
        <line num="490" type="stmt" count="0"/>
        <line num="492" type="stmt" count="0"/>
        <line num="497" type="stmt" count="0"/>
        <line num="498" type="stmt" count="0"/>
        <line num="499" type="stmt" count="0"/>
        <line num="502" type="stmt" count="0"/>
        <line num="503" type="stmt" count="0"/>
        <line num="519" type="method" name="makeRelative" crap="210" count="0"/>
        <line num="522" type="stmt" count="0"/>
        <line num="524" type="stmt" count="0"/>
        <line num="525" type="stmt" count="0"/>
        <line num="527" type="stmt" count="0"/>
        <line num="528" type="stmt" count="0"/>
        <line num="529" type="stmt" count="0"/>
        <line num="531" type="stmt" count="0"/>
        <line num="534" type="stmt" count="0"/>
        <line num="535" type="stmt" count="0"/>
        <line num="536" type="stmt" count="0"/>
        <line num="538" type="stmt" count="0"/>
        <line num="541" type="stmt" count="0"/>
        <line num="542" type="stmt" count="0"/>
        <line num="543" type="stmt" count="0"/>
        <line num="545" type="stmt" count="0"/>
        <line num="549" type="stmt" count="0"/>
        <line num="550" type="stmt" count="0"/>
        <line num="551" type="stmt" count="0"/>
        <line num="554" type="stmt" count="0"/>
        <line num="555" type="stmt" count="0"/>
        <line num="556" type="stmt" count="0"/>
        <line num="559" type="stmt" count="0"/>
        <line num="560" type="stmt" count="0"/>
        <line num="561" type="stmt" count="0"/>
        <line num="562" type="stmt" count="0"/>
        <line num="566" type="stmt" count="0"/>
        <line num="569" type="stmt" count="0"/>
        <line num="572" type="stmt" count="0"/>
        <line num="573" type="stmt" count="0"/>
        <line num="574" type="stmt" count="0"/>
        <line num="578" type="stmt" count="0"/>
        <line num="579" type="stmt" count="0"/>
        <line num="582" type="stmt" count="0"/>
        <line num="584" type="stmt" count="0"/>
        <line num="592" type="method" name="getScheme" crap="2" count="0"/>
        <line num="594" type="stmt" count="0"/>
        <line num="602" type="method" name="getUserInfo" crap="2" count="0"/>
        <line num="604" type="stmt" count="0"/>
        <line num="612" type="method" name="getHost" crap="2" count="0"/>
        <line num="614" type="stmt" count="0"/>
        <line num="622" type="method" name="getPort" crap="2" count="0"/>
        <line num="624" type="stmt" count="0"/>
        <line num="632" type="method" name="getPath" crap="1" count="3"/>
        <line num="634" type="stmt" count="3"/>
        <line num="642" type="method" name="getQuery" crap="2" count="0"/>
        <line num="644" type="stmt" count="0"/>
        <line num="655" type="method" name="getQueryAsArray" crap="6" count="0"/>
        <line num="657" type="stmt" count="0"/>
        <line num="658" type="stmt" count="0"/>
        <line num="659" type="stmt" count="0"/>
        <line num="660" type="stmt" count="0"/>
        <line num="662" type="stmt" count="0"/>
        <line num="670" type="method" name="getFragment" crap="2" count="0"/>
        <line num="672" type="stmt" count="0"/>
        <line num="690" type="method" name="setScheme" crap="5.20" count="5"/>
        <line num="692" type="stmt" count="5"/>
        <line num="693" type="stmt" count="0"/>
        <line num="694" type="stmt" count="0"/>
        <line num="695" type="stmt" count="0"/>
        <line num="696" type="stmt" count="0"/>
        <line num="697" type="stmt" count="0"/>
        <line num="700" type="stmt" count="5"/>
        <line num="701" type="stmt" count="5"/>
        <line num="712" type="method" name="setUserInfo" crap="2" count="0"/>
        <line num="714" type="stmt" count="0"/>
        <line num="715" type="stmt" count="0"/>
        <line num="736" type="method" name="setHost" crap="5.50" count="5"/>
        <line num="738" type="stmt" count="5"/>
        <line num="739" type="stmt" count="5"/>
        <line num="740" type="stmt" count="5"/>
        <line num="741" type="stmt" count="5"/>
        <line num="742" type="stmt" count="0"/>
        <line num="743" type="stmt" count="0"/>
        <line num="744" type="stmt" count="0"/>
        <line num="745" type="stmt" count="0"/>
        <line num="746" type="stmt" count="0"/>
        <line num="749" type="stmt" count="5"/>
        <line num="750" type="stmt" count="5"/>
        <line num="759" type="method" name="setPort" crap="1" count="5"/>
        <line num="761" type="stmt" count="5"/>
        <line num="762" type="stmt" count="5"/>
        <line num="771" type="method" name="setPath" crap="1" count="8"/>
        <line num="773" type="stmt" count="8"/>
        <line num="774" type="stmt" count="8"/>
        <line num="787" type="method" name="setQuery" crap="6" count="0"/>
        <line num="789" type="stmt" count="0"/>
        <line num="792" type="stmt" count="0"/>
        <line num="793" type="stmt" count="0"/>
        <line num="795" type="stmt" count="0"/>
        <line num="796" type="stmt" count="0"/>
        <line num="807" type="method" name="setFragment" crap="2" count="0"/>
        <line num="809" type="stmt" count="0"/>
        <line num="810" type="stmt" count="0"/>
        <line num="818" type="method" name="__toString" crap="6" count="0"/>
        <line num="821" type="stmt" count="0"/>
        <line num="822" type="stmt" count="0"/>
        <line num="823" type="stmt" count="0"/>
        <line num="841" type="method" name="validateScheme" crap="3.07" count="5"/>
        <line num="843" type="stmt" count="5"/>
        <line num="844" type="stmt" count="5"/>
        <line num="845" type="stmt" count="5"/>
        <line num="846" type="stmt" count="0"/>
        <line num="849" type="stmt" count="5"/>
        <line num="858" type="method" name="validateUserInfo" crap="2" count="0"/>
        <line num="860" type="stmt" count="0"/>
        <line num="861" type="stmt" count="0"/>
        <line num="881" type="method" name="validateHost" crap="56" count="0"/>
        <line num="888" type="stmt" count="0"/>
        <line num="889" type="stmt" count="0"/>
        <line num="890" type="stmt" count="0"/>
        <line num="892" type="stmt" count="0"/>
        <line num="894" type="stmt" count="0"/>
        <line num="895" type="stmt" count="0"/>
        <line num="896" type="stmt" count="0"/>
        <line num="898" type="stmt" count="0"/>
        <line num="900" type="stmt" count="0"/>
        <line num="901" type="stmt" count="0"/>
        <line num="902" type="stmt" count="0"/>
        <line num="904" type="stmt" count="0"/>
        <line num="906" type="stmt" count="0"/>
        <line num="917" type="method" name="validatePort" crap="30" count="0"/>
        <line num="919" type="stmt" count="0"/>
        <line num="920" type="stmt" count="0"/>
        <line num="923" type="stmt" count="0"/>
        <line num="924" type="stmt" count="0"/>
        <line num="925" type="stmt" count="0"/>
        <line num="926" type="stmt" count="0"/>
        <line num="928" type="stmt" count="0"/>
        <line num="930" type="stmt" count="0"/>
        <line num="939" type="method" name="validatePath" crap="2" count="0"/>
        <line num="941" type="stmt" count="0"/>
        <line num="942" type="stmt" count="0"/>
        <line num="943" type="stmt" count="0"/>
        <line num="944" type="stmt" count="0"/>
        <line num="959" type="method" name="validateQueryFragment" crap="2" count="0"/>
        <line num="961" type="stmt" count="0"/>
        <line num="962" type="stmt" count="0"/>
        <line num="972" type="method" name="encodeUserInfo" crap="12" count="0"/>
        <line num="974" type="stmt" count="0"/>
        <line num="975" type="stmt" count="0"/>
        <line num="976" type="stmt" count="0"/>
        <line num="977" type="stmt" count="0"/>
        <line num="978" type="stmt" count="0"/>
        <line num="981" type="stmt" count="0"/>
        <line num="982" type="stmt" count="0"/>
        <line num="983" type="stmt" count="0"/>
        <line num="984" type="stmt" count="0"/>
        <line num="985" type="stmt" count="0"/>
        <line num="987" type="stmt" count="0"/>
        <line num="1000" type="method" name="encodePath" crap="12" count="0"/>
        <line num="1002" type="stmt" count="0"/>
        <line num="1003" type="stmt" count="0"/>
        <line num="1004" type="stmt" count="0"/>
        <line num="1005" type="stmt" count="0"/>
        <line num="1006" type="stmt" count="0"/>
        <line num="1009" type="stmt" count="0"/>
        <line num="1010" type="stmt" count="0"/>
        <line num="1011" type="stmt" count="0"/>
        <line num="1012" type="stmt" count="0"/>
        <line num="1013" type="stmt" count="0"/>
        <line num="1015" type="stmt" count="0"/>
        <line num="1029" type="method" name="encodeQueryFragment" crap="12" count="0"/>
        <line num="1031" type="stmt" count="0"/>
        <line num="1032" type="stmt" count="0"/>
        <line num="1033" type="stmt" count="0"/>
        <line num="1034" type="stmt" count="0"/>
        <line num="1035" type="stmt" count="0"/>
        <line num="1038" type="stmt" count="0"/>
        <line num="1039" type="stmt" count="0"/>
        <line num="1040" type="stmt" count="0"/>
        <line num="1041" type="stmt" count="0"/>
        <line num="1042" type="stmt" count="0"/>
        <line num="1044" type="stmt" count="0"/>
        <line num="1061" type="method" name="parseScheme" crap="20" count="0"/>
        <line num="1063" type="stmt" count="0"/>
        <line num="1064" type="stmt" count="0"/>
        <line num="1065" type="stmt" count="0"/>
        <line num="1066" type="stmt" count="0"/>
        <line num="1067" type="stmt" count="0"/>
        <line num="1070" type="stmt" count="0"/>
        <line num="1071" type="stmt" count="0"/>
        <line num="1074" type="stmt" count="0"/>
        <line num="1088" type="method" name="removePathDotSegments" crap="132" count="0"/>
        <line num="1090" type="stmt" count="0"/>
        <line num="1092" type="stmt" count="0"/>
        <line num="1093" type="stmt" count="0"/>
        <line num="1094" type="stmt" count="0"/>
        <line num="1097" type="stmt" count="0"/>
        <line num="1098" type="stmt" count="0"/>
        <line num="1099" type="stmt" count="0"/>
        <line num="1100" type="stmt" count="0"/>
        <line num="1101" type="stmt" count="0"/>
        <line num="1102" type="stmt" count="0"/>
        <line num="1103" type="stmt" count="0"/>
        <line num="1104" type="stmt" count="0"/>
        <line num="1105" type="stmt" count="0"/>
        <line num="1106" type="stmt" count="0"/>
        <line num="1107" type="stmt" count="0"/>
        <line num="1108" type="stmt" count="0"/>
        <line num="1109" type="stmt" count="0"/>
        <line num="1110" type="stmt" count="0"/>
        <line num="1111" type="stmt" count="0"/>
        <line num="1112" type="stmt" count="0"/>
        <line num="1113" type="stmt" count="0"/>
        <line num="1114" type="stmt" count="0"/>
        <line num="1115" type="stmt" count="0"/>
        <line num="1116" type="stmt" count="0"/>
        <line num="1117" type="stmt" count="0"/>
        <line num="1118" type="stmt" count="0"/>
        <line num="1119" type="stmt" count="0"/>
        <line num="1120" type="stmt" count="0"/>
        <line num="1121" type="stmt" count="0"/>
        <line num="1122" type="stmt" count="0"/>
        <line num="1123" type="stmt" count="0"/>
        <line num="1126" type="stmt" count="0"/>
        <line num="1127" type="stmt" count="0"/>
        <line num="1128" type="stmt" count="0"/>
        <line num="1129" type="stmt" count="0"/>
        <line num="1130" type="stmt" count="0"/>
        <line num="1132" type="stmt" count="0"/>
        <line num="1148" type="method" name="merge" crap="2" count="0"/>
        <line num="1150" type="stmt" count="0"/>
        <line num="1151" type="stmt" count="0"/>
        <line num="1161" type="method" name="isValidIpAddress" crap="12" count="0"/>
        <line num="1164" type="stmt" count="0"/>
        <line num="1165" type="stmt" count="0"/>
        <line num="1166" type="stmt" count="0"/>
        <line num="1167" type="stmt" count="0"/>
        <line num="1168" type="stmt" count="0"/>
        <line num="1171" type="stmt" count="0"/>
        <line num="1172" type="stmt" count="0"/>
        <line num="1173" type="stmt" count="0"/>
        <line num="1174" type="stmt" count="0"/>
        <line num="1179" type="stmt" count="0"/>
        <line num="1180" type="stmt" count="0"/>
        <line num="1181" type="stmt" count="0"/>
        <line num="1182" type="stmt" count="0"/>
        <line num="1183" type="stmt" count="0"/>
        <line num="1184" type="stmt" count="0"/>
        <line num="1185" type="stmt" count="0"/>
        <line num="1186" type="stmt" count="0"/>
        <line num="1195" type="method" name="isValidDnsHostname" crap="2" count="0"/>
        <line num="1197" type="stmt" count="0"/>
        <line num="1198" type="stmt" count="0"/>
        <line num="1199" type="stmt" count="0"/>
        <line num="1201" type="stmt" count="0"/>
        <line num="1210" type="method" name="isValidRegName" crap="2" count="0"/>
        <line num="1212" type="stmt" count="0"/>
        <line num="1213" type="stmt" count="0"/>
        <line num="1232" type="method" name="normalizeScheme" crap="2" count="0"/>
        <line num="1234" type="stmt" count="0"/>
        <line num="1245" type="method" name="normalizeHost" crap="2" count="0"/>
        <line num="1247" type="stmt" count="0"/>
        <line num="1260" type="method" name="normalizePort" crap="20" count="0"/>
        <line num="1263" type="stmt" count="0"/>
        <line num="1264" type="stmt" count="0"/>
        <line num="1265" type="stmt" count="0"/>
        <line num="1266" type="stmt" count="0"/>
        <line num="1269" type="stmt" count="0"/>
        <line num="1281" type="method" name="normalizePath" crap="2" count="0"/>
        <line num="1283" type="stmt" count="0"/>
        <line num="1284" type="stmt" count="0"/>
        <line num="1285" type="stmt" count="0"/>
        <line num="1286" type="stmt" count="0"/>
        <line num="1287" type="stmt" count="0"/>
        <line num="1288" type="stmt" count="0"/>
        <line num="1290" type="stmt" count="0"/>
        <line num="1302" type="method" name="normalizeQuery" crap="2" count="0"/>
        <line num="1304" type="stmt" count="0"/>
        <line num="1305" type="stmt" count="0"/>
        <line num="1306" type="stmt" count="0"/>
        <line num="1307" type="stmt" count="0"/>
        <line num="1308" type="stmt" count="0"/>
        <line num="1309" type="stmt" count="0"/>
        <line num="1311" type="stmt" count="0"/>
        <line num="1322" type="method" name="normalizeFragment" crap="2" count="0"/>
        <line num="1324" type="stmt" count="0"/>
        <line num="1336" type="method" name="decodeUrlEncodedChars" crap="6" count="0"/>
        <line num="1338" type="stmt" count="0"/>
        <line num="1339" type="stmt" count="0"/>
        <line num="1340" type="stmt" count="0"/>
        <line num="1341" type="stmt" count="0"/>
        <line num="1343" type="stmt" count="0"/>
        <line num="1344" type="stmt" count="0"/>
        <line num="1346" type="stmt" count="0"/>
        <line num="1349" type="stmt" count="1"/>
        <metrics loc="1348" ncloc="745" classes="1" methods="50" coveredmethods="3" conditionals="0" coveredconditionals="0" statements="426" coveredstatements="22" elements="476" coveredelements="25"/>
      </file>
    </package>
    <file name="/home/bram/www/cache-skeleton/vendor/zendframework/zendframework/library/Zend/Uri/UriInterface.php">
      <line num="15" type="stmt" count="1"/>
      <line num="247" type="stmt" count="1"/>
      <metrics loc="246" ncloc="57" classes="0" methods="0" coveredmethods="0" conditionals="0" coveredconditionals="0" statements="1" coveredstatements="1" elements="1" coveredelements="1"/>
    </file>
    <metrics files="81" loc="17487" ncloc="9820" classes="62" methods="719" coveredmethods="198" conditionals="0" coveredconditionals="0" statements="4381" coveredstatements="1370" elements="5100" coveredelements="1568"/>
  </project>
</coverage>
